<?xml version="1.0" encoding="UTF-8"?>
<!-- Generated by org.testng.reporters.JUnitXMLReporter -->
<testsuite ignored="6" hostname="KAMLESH-PC" failures="3" tests="3" name="Sanity Test" time="49.279" errors="0" timestamp="2024-11-14T21:48:50 IST">
  <testcase classname="com.xpresso.qa.testcases.helpdesk.CspAddComplaintTest" name="AddNewComlntwth_ValidData" time="38.975">
    <failure type="java.lang.AssertionError" message="expected [Your Complaint Id [1422517] saved successfully. Our customer care will revert on your complaint soon.] but found [Our customer care will revert on your complaint soon]">
      <![CDATA[java.lang.AssertionError: expected [Your Complaint Id [1422517] saved successfully. Our customer care will revert on your complaint soon.] but found [Our customer care will revert on your complaint soon]
at com.xpresso.qa.testcases.helpdesk.CspAddComplaintTest.AddNewComlntwth_ValidData(CspAddComplaintTest.java:211)
at java.base/java.util.ArrayList.forEach(ArrayList.java:1511)
... Removed 35 stack frames]]>
    </failure>
  </testcase> <!-- AddNewComlntwth_ValidData -->
  <testcase classname="com.xpresso.qa.testcases.helpdesk.CspListComplaintTest" name="SearchWithDefaultValue_WithinValidaterange" time="0.002">
    <failure type="java.lang.NullPointerException" message="Cannot invoke &amp;quot;com.xpresso.qa.pages.login.LoginPage.login(String, String, String)&amp;quot; because &amp;quot;this.Lginpage&amp;quot; is null">
      <![CDATA[java.lang.NullPointerException: Cannot invoke "com.xpresso.qa.pages.login.LoginPage.login(String, String, String)" because "this.Lginpage" is null
at com.xpresso.qa.testcases.helpdesk.CspListComplaintTest.SearchWithDefaultValue_WithinValidaterange(CspListComplaintTest.java:34)
at java.base/java.util.ArrayList.forEach(ArrayList.java:1511)
... Removed 29 stack frames]]>
    </failure>
  </testcase> <!-- SearchWithDefaultValue_WithinValidaterange -->
  <testcase classname="com.xpresso.qa.testcases.helpdesk.CspListComplaintTest" name="SearchWithDefaultValue_WithinValidaterange" time="0.126">
    <failure type="org.openqa.selenium.NoSuchSessionException" message="invalid session id
Build info: version: &amp;apos;4.25.0&amp;apos;, revision: &amp;apos;8a8aea2337&amp;apos;
System info: os.name: &amp;apos;Windows 10&amp;apos;, os.arch: &amp;apos;amd64&amp;apos;, os.version: &amp;apos;10.0&amp;apos;, java.version: &amp;apos;18.0.2.1&amp;apos;
Driver info: org.openqa.selenium.chrome.ChromeDriver
Command: [32828bf0e7cf50bbd948637fcbe8bcba, screenshot {}]
Capabilities {acceptInsecureCerts: false, browserName: chrome, browserVersion: 111.0.5563.65, chrome: {chromedriverVersion: 111.0.5563.64 (c710e93d5b63..., userDataDir: C:\Users\KAMLES~1.KUM\AppDa...}, goog:chromeOptions: {debuggerAddress: localhost:49693}, networkConnectionEnabled: false, pageLoadStrategy: normal, platformName: windows, proxy: Proxy(), se:cdp: ws://localhost:49693/devtoo..., se:cdpVersion: 111.0.5563.65, setWindowRect: true, strictFileInteractability: false, timeouts: {implicit: 0, pageLoad: 300000, script: 30000}, unhandledPromptBehavior: dismiss and notify, webauthn:extension:credBlob: true, webauthn:extension:largeBlob: true, webauthn:extension:minPinLength: true, webauthn:extension:prf: true, webauthn:virtualAuthenticators: true}
Session ID: 32828bf0e7cf50bbd948637fcbe8bcba">
      <![CDATA[org.openqa.selenium.NoSuchSessionException: invalid session id
Build info: version: '4.25.0', revision: '8a8aea2337'
System info: os.name: 'Windows 10', os.arch: 'amd64', os.version: '10.0', java.version: '18.0.2.1'
Driver info: org.openqa.selenium.chrome.ChromeDriver
Command: [32828bf0e7cf50bbd948637fcbe8bcba, screenshot {}]
Capabilities {acceptInsecureCerts: false, browserName: chrome, browserVersion: 111.0.5563.65, chrome: {chromedriverVersion: 111.0.5563.64 (c710e93d5b63..., userDataDir: C:\Users\KAMLES~1.KUM\AppDa...}, goog:chromeOptions: {debuggerAddress: localhost:49693}, networkConnectionEnabled: false, pageLoadStrategy: normal, platformName: windows, proxy: Proxy(), se:cdp: ws://localhost:49693/devtoo..., se:cdpVersion: 111.0.5563.65, setWindowRect: true, strictFileInteractability: false, timeouts: {implicit: 0, pageLoad: 300000, script: 30000}, unhandledPromptBehavior: dismiss and notify, webauthn:extension:credBlob: true, webauthn:extension:largeBlob: true, webauthn:extension:minPinLength: true, webauthn:extension:prf: true, webauthn:virtualAuthenticators: true}
Session ID: 32828bf0e7cf50bbd948637fcbe8bcba
at org.openqa.selenium.remote.ErrorCodec.decode(ErrorCodec.java:167)
at org.openqa.selenium.remote.codec.w3c.W3CHttpResponseCodec.decode(W3CHttpResponseCodec.java:138)
at org.openqa.selenium.remote.codec.w3c.W3CHttpResponseCodec.decode(W3CHttpResponseCodec.java:50)
at org.openqa.selenium.remote.HttpCommandExecutor.execute(HttpCommandExecutor.java:190)
at org.openqa.selenium.remote.service.DriverCommandExecutor.invokeExecute(DriverCommandExecutor.java:216)
at org.openqa.selenium.remote.service.DriverCommandExecutor.execute(DriverCommandExecutor.java:174)
at org.openqa.selenium.remote.RemoteWebDriver.execute(RemoteWebDriver.java:545)
at org.openqa.selenium.remote.RemoteWebDriver.execute(RemoteWebDriver.java:618)
at org.openqa.selenium.remote.RemoteWebDriver.execute(RemoteWebDriver.java:622)
at org.openqa.selenium.remote.RemoteWebDriver.getScreenshotAs(RemoteWebDriver.java:334)
at com.xpresso.qa.utilites.Testutil.captureScreen(Testutil.java:181)
at com.xpresso.qa.extentReportListner.ExtentReport.onTestFailure(ExtentReport.java:80)
at java.base/java.util.ArrayList.forEach(ArrayList.java:1511)
... Removed 31 stack frames]]>
    </failure>
  </testcase> <!-- SearchWithDefaultValue_WithinValidaterange -->
  <testcase classname="com.xpresso.qa.testcases.helpdesk.CspAddComplaintTest" name="ValidateWithBlank_ComplaintDesc" time="0.0">
    <ignored/>
  </testcase> <!-- ValidateWithBlank_ComplaintDesc -->
  <testcase classname="com.xpresso.qa.testcases.helpdesk.CspAddComplaintTest" name="AddNewComplaint_InvalidTxID" time="0.0">
    <ignored/>
  </testcase> <!-- AddNewComplaint_InvalidTxID -->
  <testcase classname="com.xpresso.qa.testcases.helpdesk.CspAddComplaintTest" name="ValidateWithBlank_SubCategoryType" time="0.0">
    <ignored/>
  </testcase> <!-- ValidateWithBlank_SubCategoryType -->
  <testcase classname="com.xpresso.qa.testcases.helpdesk.CspAddComplaintTest" name="ValidateWithBlank_ApplicationType" time="0.0">
    <ignored/>
  </testcase> <!-- ValidateWithBlank_ApplicationType -->
  <testcase classname="com.xpresso.qa.testcases.helpdesk.CspAddComplaintTest" name="AddnewComplaintWithoutTXID" time="0.0">
    <ignored/>
  </testcase> <!-- AddnewComplaintWithoutTXID -->
  <testcase classname="com.xpresso.qa.testcases.helpdesk.CspAddComplaintTest" name="ValidateWithBlank_CategoryType" time="0.0">
    <ignored/>
  </testcase> <!-- ValidateWithBlank_CategoryType -->
</testsuite> <!-- Sanity Test -->
