<?xml version="1.0" encoding="UTF-8"?>
<!-- Generated by org.testng.reporters.JUnitXMLReporter -->
<testsuite ignored="5" hostname="KAMLESH-PC" failures="0" tests="2" name="Sanity Test" time="64.824" errors="0" timestamp="2024-11-08T12:22:09 IST">
  <testcase classname="com.xpresso.qa.testcases.Helpdesk_CspAddComplaintTest" name="AddnewComplaintWithoutTXID" time="27.932"/>
  <testcase classname="com.xpresso.qa.testcases.Helpdesk_CspAddComplaintTest" name="ValidateWithBlank_ApplicationType" time="27.036"/>
  <testcase classname="com.xpresso.qa.testcases.Helpdesk_CspAddComplaintTest" name="ValidateWithBlank_CategoryType" time="0.0">
    <ignored/>
  </testcase> <!-- ValidateWithBlank_CategoryType -->
  <testcase classname="com.xpresso.qa.testcases.Helpdesk_CspAddComplaintTest" name="AddNewComplaint_InvalidTxID" time="0.0">
    <ignored/>
  </testcase> <!-- AddNewComplaint_InvalidTxID -->
  <testcase classname="com.xpresso.qa.testcases.Helpdesk_CspAddComplaintTest" name="ValidateWithBlank_ComplaintDsc" time="0.0">
    <ignored/>
  </testcase> <!-- ValidateWithBlank_ComplaintDsc -->
  <testcase classname="com.xpresso.qa.testcases.Helpdesk_CspAddComplaintTest" name="AddNewComplaint_BlankTxID" time="0.0">
    <ignored/>
  </testcase> <!-- AddNewComplaint_BlankTxID -->
  <testcase classname="com.xpresso.qa.testcases.Helpdesk_CspAddComplaintTest" name="ValidateWithBlank_SubCategoryType" time="0.0">
    <ignored/>
  </testcase> <!-- ValidateWithBlank_SubCategoryType -->
</testsuite> <!-- Sanity Test -->
