<?xml version="1.0" encoding="UTF-8"?>
<!-- Generated by org.testng.reporters.JUnitXMLReporter -->
<testsuite ignored="0" hostname="ROHIT-PC" failures="1" tests="1" name="Sanity Test 1" time="48.488" errors="0" timestamp="2024-11-18T10:03:06 IST">
  <testcase classname="CareInsurance.Test.CalculatePremiumErrorMessageTest1" name="calculatePremiumError" time="40.263">
    <failure type="java.lang.NullPointerException" message="Cannot invoke &amp;quot;java.sql.Connection.createStatement()&amp;quot; because &amp;quot;this.connection&amp;quot; is null">
      <![CDATA[java.lang.NullPointerException: Cannot invoke "java.sql.Connection.createStatement()" because "this.connection" is null
at CareInsurance.Main.DbClass.executeQuery(DbClass.java:23)
at CareInsurance.Test.CalculatePremiumErrorMessageTest1.calculatePremiumError(CalculatePremiumErrorMessageTest1.java:98)
at java.base/java.util.ArrayList.forEach(ArrayList.java:1597)
... Removed 25 stack frames]]>
    </failure>
  </testcase> <!-- calculatePremiumError -->
</testsuite> <!-- Sanity Test 1 -->
