<?xml version="1.0" encoding="UTF-8"?>
<testng-results ignored="0" total="2" passed="2" failed="0" skipped="0">
  <reporter-output>
  </reporter-output>
  <suite started-at="2024-11-08T12:21:04 IST" name="Xpresso_Test" finished-at="2024-11-08T12:22:09 IST" duration-ms="64824">
    <groups>
      <group name="Sanity">
        <method signature="Helpdesk_CspAddComplaintTest.AddnewComplaintWithoutTXID()[pri:0, instance:com.xpresso.qa.testcases.Helpdesk_CspAddComplaintTest@5026735c]" name="AddnewComplaintWithoutTXID" class="com.xpresso.qa.testcases.Helpdesk_CspAddComplaintTest"/>
        <method signature="Helpdesk_CspAddComplaintTest.ValidateWithBlank_ApplicationType()[pri:1, instance:com.xpresso.qa.testcases.Helpdesk_CspAddComplaintTest@5026735c]" name="ValidateWithBlank_ApplicationType" class="com.xpresso.qa.testcases.Helpdesk_CspAddComplaintTest"/>
      </group> <!-- Sanity -->
    </groups>
    <test started-at="2024-11-08T12:21:04 IST" name="Sanity Test" finished-at="2024-11-08T12:22:09 IST" duration-ms="64824">
      <class name="com.xpresso.qa.testcases.Helpdesk_CspAddComplaintTest">
        <test-method is-config="true" signature="setup()[pri:0, instance:com.xpresso.qa.testcases.Helpdesk_CspAddComplaintTest@5026735c]" started-at="2024-11-08T12:21:04 IST" name="setup" finished-at="2024-11-08T12:21:09 IST" duration-ms="5076" status="PASS">
          <reporter-output>
          </reporter-output>
        </test-method> <!-- setup -->
        <test-method signature="AddnewComplaintWithoutTXID()[pri:0, instance:com.xpresso.qa.testcases.Helpdesk_CspAddComplaintTest@5026735c]" started-at="2024-11-08T12:21:09 IST" name="AddnewComplaintWithoutTXID" finished-at="2024-11-08T12:21:37 IST" duration-ms="27932" status="PASS">
          <reporter-output>
          </reporter-output>
        </test-method> <!-- AddnewComplaintWithoutTXID -->
        <test-method is-config="true" signature="CloseBrowser()[pri:0, instance:com.xpresso.qa.testcases.Helpdesk_CspAddComplaintTest@5026735c]" started-at="2024-11-08T12:21:37 IST" name="CloseBrowser" finished-at="2024-11-08T12:21:37 IST" duration-ms="118" status="PASS">
          <reporter-output>
          </reporter-output>
        </test-method> <!-- CloseBrowser -->
        <test-method is-config="true" signature="setup()[pri:0, instance:com.xpresso.qa.testcases.Helpdesk_CspAddComplaintTest@5026735c]" started-at="2024-11-08T12:21:37 IST" name="setup" finished-at="2024-11-08T12:21:42 IST" duration-ms="4218" status="PASS">
          <reporter-output>
          </reporter-output>
        </test-method> <!-- setup -->
        <test-method signature="ValidateWithBlank_ApplicationType()[pri:1, instance:com.xpresso.qa.testcases.Helpdesk_CspAddComplaintTest@5026735c]" started-at="2024-11-08T12:21:42 IST" name="ValidateWithBlank_ApplicationType" finished-at="2024-11-08T12:22:09 IST" duration-ms="27036" status="PASS">
          <reporter-output>
          </reporter-output>
        </test-method> <!-- ValidateWithBlank_ApplicationType -->
        <test-method is-config="true" signature="CloseBrowser()[pri:0, instance:com.xpresso.qa.testcases.Helpdesk_CspAddComplaintTest@5026735c]" started-at="2024-11-08T12:22:09 IST" name="CloseBrowser" finished-at="2024-11-08T12:22:09 IST" duration-ms="116" status="PASS">
          <reporter-output>
          </reporter-output>
        </test-method> <!-- CloseBrowser -->
      </class> <!-- com.xpresso.qa.testcases.Helpdesk_CspAddComplaintTest -->
    </test> <!-- Sanity Test -->
  </suite> <!-- Xpresso_Test -->
</testng-results>
