<?xml version="1.0" encoding="UTF-8"?>
<testsuite xmlns:xsi="http://www.w3.org/2001/XMLSchema-instance" xsi:noNamespaceSchemaLocation="https://maven.apache.org/surefire/maven-surefire-plugin/xsd/surefire-test-report.xsd" version="3.0.2" name="TestSuite" time="67.249" tests="2" errors="0" skipped="0" failures="0">
  <properties>
[...]
</properties>
  <testcase name="AddnewComplaintWithoutTXID" classname="com.xpresso.qa.testcases.Helpdesk_CspAddComplaintTest" time="27.933">
    <system-out><![CDATA[2024-11-08T06:51:04.054719600Z main ERROR File contains an invalid element or attribute "filePattern"
12:21:09.853 [main] INFO  com.xpresso.qa.testcases.Helpdesk_CspAddComplaintTest - Enter csp id, password and captcha
12:21:32.566 [main] INFO  com.xpresso.qa.testcases.Helpdesk_CspAddComplaintTest - Enter OTP
12:21:34.041 [main] INFO  com.xpresso.qa.testcases.Helpdesk_CspAddComplaintTest - Click on Help Desk module
12:21:34.109 [main] INFO  com.xpresso.qa.testcases.Helpdesk_CspAddComplaintTest - Click on Add Complaint tab
12:21:34.812 [main] INFO  com.xpresso.qa.testcases.Helpdesk_CspAddComplaintTest - Validate Authentication page
12:21:34.970 [main] INFO  com.xpresso.qa.testcases.Helpdesk_CspAddComplaintTest - Select Application type
Size of the Appliaction type2
Value from the drop down is XPRESSO
12:21:36.961 [main] INFO  com.xpresso.qa.testcases.Helpdesk_CspAddComplaintTest - Select Category type 
Size of the drop down list is 33
Value from that index is Aadhar Pay
12:21:37.196 [main] INFO  com.xpresso.qa.testcases.Helpdesk_CspAddComplaintTest - Select Sub Category type 
12:21:37.475 [main] INFO  com.xpresso.qa.testcases.Helpdesk_CspAddComplaintTest - Enter Description 
12:21:37.658 [main] INFO  com.xpresso.qa.testcases.Helpdesk_CspAddComplaintTest - Click on Save button 
]]></system-out>
    <system-err><![CDATA[Nov 08, 2024 12:21:06 PM org.openqa.selenium.devtools.CdpVersionFinder findNearestMatch
WARNING: Unable to find CDP implementation matching 111
Nov 08, 2024 12:21:06 PM org.openqa.selenium.chromium.ChromiumDriver lambda$new$5
WARNING: Unable to find version of CDP to use for 111.0.5563.65. You may need to include a dependency on a specific version of the CDP using something similar to `org.seleniumhq.selenium:selenium-devtools-v86:4.25.0` where the version ("v86") matches the version of the chromium-based browser you're using and the version number of the artifact is the same as Selenium's.
]]></system-err>
  </testcase>
  <testcase name="ValidateWithBlank_ApplicationType" classname="com.xpresso.qa.testcases.Helpdesk_CspAddComplaintTest" time="27.033">
    <system-out><![CDATA[12:21:42.147 [main] INFO  com.xpresso.qa.testcases.Helpdesk_CspAddComplaintTest - Enter csp id, password and captcha
12:22:04.792 [main] INFO  com.xpresso.qa.testcases.Helpdesk_CspAddComplaintTest - Enter OTP
12:22:06.162 [main] INFO  com.xpresso.qa.testcases.Helpdesk_CspAddComplaintTest - Click on HELPDESK
12:22:06.218 [main] INFO  com.xpresso.qa.testcases.Helpdesk_CspAddComplaintTest - Click on Add complaint
12:22:06.902 [main] INFO  com.xpresso.qa.testcases.Helpdesk_CspAddComplaintTest - Click on Advance button config page
12:22:06.903 [main] INFO  com.xpresso.qa.testcases.Helpdesk_CspAddComplaintTest - Validate Authentication page
12:22:07.057 [main] INFO  com.xpresso.qa.testcases.Helpdesk_CspAddComplaintTest - Enter Description
12:22:09.050 [main] INFO  com.xpresso.qa.testcases.Helpdesk_CspAddComplaintTest - Click on Save Button
12:22:09.140 [main] INFO  com.xpresso.qa.testcases.Helpdesk_CspAddComplaintTest - Assert with proper Verification Message
]]></system-out>
    <system-err><![CDATA[Nov 08, 2024 12:21:39 PM org.openqa.selenium.devtools.CdpVersionFinder findNearestMatch
WARNING: Unable to find CDP implementation matching 111
Nov 08, 2024 12:21:39 PM org.openqa.selenium.chromium.ChromiumDriver lambda$new$5
WARNING: Unable to find version of CDP to use for 111.0.5563.65. You may need to include a dependency on a specific version of the CDP using something similar to `org.seleniumhq.selenium:selenium-devtools-v86:4.25.0` where the version ("v86") matches the version of the chromium-based browser you're using and the version number of the artifact is the same as Selenium's.
]]></system-err>
  </testcase>
</testsuite>