<?xml version="1.0" encoding="UTF-8"?>
<testng-results ignored="0" total="1" passed="1" failed="0" skipped="0">
  <reporter-output>
  </reporter-output>
  <suite started-at="2024-11-05T17:20:40 IST" name="Default suite" finished-at="2024-11-05T17:21:19 IST" duration-ms="38809">
    <groups>
    </groups>
    <test started-at="2024-11-05T17:20:40 IST" name="Default test" finished-at="2024-11-05T17:21:19 IST" duration-ms="38809">
      <class name="com.xpresso.qa.testcases.HelpDesk_CspListComplaint">
        <test-method is-config="true" signature="setup()[pri:0, instance:com.xpresso.qa.testcases.HelpDesk_CspListComplaint@3daf7722]" started-at="2024-11-05T17:20:40 IST" name="setup" finished-at="2024-11-05T17:20:46 IST" duration-ms="5325" status="PASS">
          <reporter-output>
          </reporter-output>
        </test-method> <!-- setup -->
        <test-method signature="SearchWithDefaultValue_WithinValidaterange()[pri:0, instance:com.xpresso.qa.testcases.HelpDesk_CspListComplaint@3daf7722]" started-at="2024-11-05T17:20:46 IST" name="SearchWithDefaultValue_WithinValidaterange" finished-at="2024-11-05T17:21:19 IST" duration-ms="33088" status="PASS">
          <reporter-output>
          </reporter-output>
        </test-method> <!-- SearchWithDefaultValue_WithinValidaterange -->
      </class> <!-- com.xpresso.qa.testcases.HelpDesk_CspListComplaint -->
    </test> <!-- Default test -->
  </suite> <!-- Default suite -->
</testng-results>
